Environment at start of build:
ALLUSERSPROFILE = C:\ProgramData
APPDATA = C:\Users\nietzhuang\AppData\Roaming
CommonProgramFiles = C:\Program Files (x86)\Common Files
CommonProgramFiles(x86) = C:\Program Files (x86)\Common Files
CommonProgramW6432 = C:\Program Files\Common Files
COMPLUS_InstallRoot = 
COMPLUS_Version = 
COMPUTERNAME = DESKTOP-74V2I7A
ComSpec = C:\WINDOWS\system32\cmd.exe
CUDA_PATH = C:\Program Files\NVIDIA GPU Computing Toolkit\CUDA\v11.3
CUDA_PATH_V11_3 = C:\Program Files\NVIDIA GPU Computing Toolkit\CUDA\v11.3
DriverData = C:\Windows\System32\Drivers\DriverData
FPS_BROWSER_APP_PROFILE_STRING = Internet Explorer
FPS_BROWSER_USER_PROFILE_STRING = Default
HOMEDRIVE = C:
HOMEPATH = \Users\nietzhuang
LOCALAPPDATA = C:\Users\nietzhuang\AppData\Local
LOGONSERVER = \\DESKTOP-74V2I7A
MSBuildLoadMicrosoftTargetsReadOnly = true
NUMBER_OF_PROCESSORS = 4
NVCUDASAMPLES11_3_ROOT = C:\ProgramData\NVIDIA Corporation\CUDA Samples\v11.3
NVCUDASAMPLES_ROOT = C:\ProgramData\NVIDIA Corporation\CUDA Samples\v11.3
NVTOOLSEXT_PATH = C:\Program Files\NVIDIA Corporation\NvToolsExt\
OneDrive = C:\Users\rock1\OneDrive
OneDriveConsumer = C:\Users\rock1\OneDrive
OS = Windows_NT
Path = C:\Program Files\NVIDIA GPU Computing Toolkit\CUDA\v11.3\bin;C:\Program Files\NVIDIA GPU Computing Toolkit\CUDA\v11.3\libnvvp;C:\Program Files\Python39\Scripts\;C:\Program Files\Python39\;C:\WINDOWS\system32;C:\WINDOWS;C:\WINDOWS\System32\Wbem;C:\WINDOWS\System32\WindowsPowerShell\v1.0\;C:\WINDOWS\System32\OpenSSH\;C:\Users\nietzhuang\AppData\Local\Programs\Python\Python39;C:\Program Files (x86)\NVIDIA Corporation\PhysX\Common;C:\Program Files\NVIDIA Corporation\NVIDIA NvDLISR;C:\Program Files\NVIDIA Corporation\Nsight Compute 2021.1.1\;C:\Users\nietzhuang\AppData\Local\Microsoft\WindowsApps;D:\Program Files\JetBrains\PyCharm 2020.1\bin;C:\Users\nietzhuang\AppData\Local\atom\bin;C:\Users\nietzhuang\AppData\Local\Microsoft\WindowsApps;
PATHEXT = .COM;.EXE;.BAT;.CMD;.VBS;.VBE;.JS;.JSE;.WSF;.WSH;.MSC;.PY;.PYW
PkgDefApplicationConfigFile = C:\Users\nietzhuang\AppData\Local\Microsoft\VisualStudio\16.0_bac89adf\devenv.exe.config
PROCESSOR_ARCHITECTURE = x86
PROCESSOR_ARCHITEW6432 = AMD64
PROCESSOR_IDENTIFIER = Intel64 Family 6 Model 60 Stepping 3, GenuineIntel
PROCESSOR_LEVEL = 6
PROCESSOR_REVISION = 3c03
ProgramData = C:\ProgramData
ProgramFiles = C:\Program Files (x86)
ProgramFiles(x86) = C:\Program Files (x86)
ProgramW6432 = C:\Program Files
PSModulePath = C:\Program Files\WindowsPowerShell\Modules;C:\WINDOWS\system32\WindowsPowerShell\v1.0\Modules
PUBLIC = C:\Users\Public
PyCharm = D:\Program Files\JetBrains\PyCharm 2020.1\bin;
ServiceHubLogSessionKey = FAEB988A
SESSIONNAME = Console
SystemDrive = C:
SystemRoot = C:\WINDOWS
TEMP = C:\Users\NIETZH~1\AppData\Local\Temp
ThreadedWaitDialogDpiContext = -4
TMP = C:\Users\NIETZH~1\AppData\Local\Temp
USERDOMAIN = DESKTOP-74V2I7A
USERDOMAIN_ROAMINGPROFILE = DESKTOP-74V2I7A
USERNAME = rock1
USERPROFILE = C:\Users\nietzhuang
VisualStudioDir = C:\Users\nietzhuang\Documents\Visual Studio 2019
VisualStudioEdition = Microsoft Visual Studio Community 2019
VisualStudioVersion = 16.0
VSAPPIDDIR = C:\Program Files (x86)\Microsoft Visual Studio\2019\Community\Common7\IDE\
VSAPPIDNAME = devenv.exe
VSLANG = 1033
VSSKUEDITION = Community
windir = C:\WINDOWS

  main.cpp
  LowEyeriss.vcxproj -> C:\Users\nietzhuang\source\repos\LowEyeriss\Debug\LowEyeriss.exe
