Environment at start of build:
ALLUSERSPROFILE = C:\ProgramData
APPDATA = C:\Users\nietzhuang\AppData\Roaming
CommonProgramFiles = C:\Program Files (x86)\Common Files
CommonProgramFiles(x86) = C:\Program Files (x86)\Common Files
CommonProgramW6432 = C:\Program Files\Common Files
COMPLUS_InstallRoot = 
COMPLUS_Version = 
COMPUTERNAME = JARVISDESKTOP
ComSpec = C:\WINDOWS\system32\cmd.exe
CUDA_PATH = C:\Program Files\NVIDIA GPU Computing Toolkit\CUDA\v11.3
CUDA_PATH_V11_3 = C:\Program Files\NVIDIA GPU Computing Toolkit\CUDA\v11.3
DriverData = C:\Windows\System32\Drivers\DriverData
FPS_BROWSER_APP_PROFILE_STRING = Internet Explorer
FPS_BROWSER_USER_PROFILE_STRING = Default
HOMEDRIVE = C:
HOMEPATH = \Users\nietzhuang
LOCALAPPDATA = C:\Users\nietzhuang\AppData\Local
LOGONSERVER = \\JARVISDESKTOP
MSBuildLoadMicrosoftTargetsReadOnly = true
NUMBER_OF_PROCESSORS = 4
NVCUDASAMPLES11_3_ROOT = C:\ProgramData\NVIDIA Corporation\CUDA Samples\v11.3
NVCUDASAMPLES_ROOT = C:\ProgramData\NVIDIA Corporation\CUDA Samples\v11.3
NVTOOLSEXT_PATH = C:\Program Files\NVIDIA Corporation\NvToolsExt\
OneDrive = C:\Users\rock1\OneDrive
OneDriveConsumer = C:\Users\rock1\OneDrive
OS = Windows_NT
Path = C:\Program Files\NVIDIA GPU Computing Toolkit\CUDA\v11.3\bin;C:\Program Files\NVIDIA GPU Computing Toolkit\CUDA\v11.3\libnvvp;C:\Program Files\Python39\Scripts\;C:\Program Files\Python39\;C:\WINDOWS\system32;C:\WINDOWS;C:\WINDOWS\System32\Wbem;C:\WINDOWS\System32\WindowsPowerShell\v1.0\;C:\WINDOWS\System32\OpenSSH\;C:\Program Files (x86)\NVIDIA Corporation\PhysX\Common;C:\Program Files\NVIDIA Corporation\NVIDIA NvDLISR;C:\Program Files\NVIDIA Corporation\Nsight Compute 2021.1.1\;D:\Program Files\Git\cmd;C:\Users\nietzhuang\AppData\Local\Microsoft\WindowsApps;C:\Users\nietzhuang\AppData\Local\Microsoft\WindowsApps;C:\Users\nietzhuang\AppData\Local\atom\bin;C:\Users\nietzhuang\AppData\Local\GitHubDesktop\bin;D:\Program Files\JetBrains\PyCharm 2020.1\bin;
PATHEXT = .COM;.EXE;.BAT;.CMD;.VBS;.VBE;.JS;.JSE;.WSF;.WSH;.MSC;.PY;.PYW
PkgDefApplicationConfigFile = C:\Users\nietzhuang\AppData\Local\Microsoft\VisualStudio\16.0_bac89adf\devenv.exe.config
PROCESSOR_ARCHITECTURE = x86
PROCESSOR_ARCHITEW6432 = AMD64
PROCESSOR_IDENTIFIER = Intel64 Family 6 Model 60 Stepping 3, GenuineIntel
PROCESSOR_LEVEL = 6
PROCESSOR_REVISION = 3c03
ProgramData = C:\ProgramData
ProgramFiles = C:\Program Files (x86)
ProgramFiles(x86) = C:\Program Files (x86)
ProgramW6432 = C:\Program Files
PSModulePath = C:\Program Files\WindowsPowerShell\Modules;C:\WINDOWS\system32\WindowsPowerShell\v1.0\Modules
PUBLIC = C:\Users\Public
PyCharm = D:\Program Files\JetBrains\PyCharm 2020.1\bin;
ServiceHubLogSessionKey = 8C03821F
SESSIONNAME = Console
SystemDrive = C:
SystemRoot = C:\WINDOWS
TEMP = C:\Users\NIETZH~1\AppData\Local\Temp
ThreadedWaitDialogDpiContext = -4
TMP = C:\Users\NIETZH~1\AppData\Local\Temp
USERDOMAIN = JARVISDESKTOP
USERDOMAIN_ROAMINGPROFILE = JARVISDESKTOP
USERNAME = rock1
USERPROFILE = C:\Users\nietzhuang
VisualStudioDir = C:\Users\nietzhuang\Documents\Visual Studio 2019
VisualStudioEdition = Microsoft Visual Studio Community 2019
VisualStudioVersion = 16.0
VSAPPIDDIR = C:\Program Files (x86)\Microsoft Visual Studio\2019\Community\Common7\IDE\
VSAPPIDNAME = devenv.exe
VSLANG = 1033
VSSKUEDITION = Community
windir = C:\WINDOWS

  GLB.cpp
C:\Users\nietzhuang\source\repos\LowEyeriss\GLB.cpp(273,35): warning C4244: '=': conversion from 'sc_dt::int_type' to 'int', possible loss of data
C:\Users\nietzhuang\source\repos\LowEyeriss\GLB.cpp(277,47): warning C4244: '+=': conversion from 'sc_dt::uint_type' to 'int', possible loss of data
C:\Users\nietzhuang\source\repos\LowEyeriss\GLB.cpp(279,56): warning C4244: '=': conversion from 'sc_dt::uint_type' to 'int', possible loss of data
C:\Users\nietzhuang\source\repos\LowEyeriss\GLB.cpp(326,35): warning C4244: '=': conversion from 'sc_dt::int_type' to 'int', possible loss of data
C:\Users\nietzhuang\source\repos\LowEyeriss\GLB.cpp(343,75): warning C4244: '+=': conversion from 'sc_dt::uint_type' to 'int', possible loss of data
C:\Users\nietzhuang\source\repos\LowEyeriss\GLB.cpp(346,111): warning C4244: '=': conversion from 'sc_dt::uint_type' to 'int', possible loss of data
  PE.cpp
  RegFile.cpp
  Scheduler.cpp
C:\Users\nietzhuang\source\repos\LowEyeriss\Scheduler.cpp(94,74): warning C4244: 'argument': conversion from 'sc_dt::int_type' to 'int', possible loss of data
C:\Users\nietzhuang\source\repos\LowEyeriss\Scheduler.cpp(139,103): warning C4244: 'argument': conversion from 'sc_dt::int_type' to 'int', possible loss of data
C:\Users\nietzhuang\source\repos\LowEyeriss\Scheduler.cpp(293,18): warning C4244: 'initializing': conversion from '__int64' to 'int', possible loss of data
  main.cpp
  testbench.cpp
C:\Users\nietzhuang\source\repos\LowEyeriss\testbench.cpp(42,26): warning C4244: '=': conversion from 'sc_dt::uint_type' to 'int', possible loss of data
C:\Users\nietzhuang\source\repos\LowEyeriss\testbench.cpp(73,33): warning C4244: '=': conversion from 'sc_dt::uint_type' to 'int', possible loss of data
  Generating Code...
  LowEyeriss.vcxproj -> C:\Users\nietzhuang\source\repos\LowEyeriss\Debug\LowEyeriss.exe
